E:\IGraphics\IGraphics\Debug\IGraphics.exe
E:\IGraphics\IGraphics\Debug\IGraphics.ilk
E:\IGraphics\IGraphics\Debug\IGraphics.pdb
E:\IGraphics\IGraphics\IGraphics\Debug\cl.command.1.tlog
E:\IGraphics\IGraphics\IGraphics\Debug\CL.read.1.tlog
E:\IGraphics\IGraphics\IGraphics\Debug\CL.write.1.tlog
E:\IGraphics\IGraphics\IGraphics\Debug\digital_watch.obj
E:\IGraphics\IGraphics\IGraphics\Debug\IGraphics.exe.intermediate.manifest
E:\IGraphics\IGraphics\IGraphics\Debug\IGraphics.vcxprojResolveAssemblyReference.cache
E:\IGraphics\IGraphics\IGraphics\Debug\IGraphics.write.1.tlog
E:\IGraphics\IGraphics\IGraphics\Debug\link.command.1.tlog
E:\IGraphics\IGraphics\IGraphics\Debug\link.read.1.tlog
E:\IGraphics\IGraphics\IGraphics\Debug\link.write.1.tlog
E:\IGraphics\IGraphics\IGraphics\Debug\mt.command.1.tlog
E:\IGraphics\IGraphics\IGraphics\Debug\mt.read.1.tlog
E:\IGraphics\IGraphics\IGraphics\Debug\mt.write.1.tlog
E:\IGraphics\IGraphics\IGraphics\Debug\vc100.idb
E:\IGRAPHICS\IGRAPHICS\IGRAPHICS\DEBUG\VC100.PDB
E:\IGraphics\IGraphics\IGraphics\Debug\watch.obj
H:\IGRAPHICS\IGRAPHICS\DEBUG\IGRAPHICS.EXE
H:\IGRAPHICS\IGRAPHICS\DEBUG\IGRAPHICS.ILK
H:\IGRAPHICS\IGRAPHICS\DEBUG\IGRAPHICS.PDB
H:\IGRAPHICS\IGRAPHICS\IGRAPHICS\DEBUG\DIGITAL_WATCH.OBJ
H:\IGRAPHICS\IGRAPHICS\IGRAPHICS\DEBUG\IGRAPHICS.EXE.INTERMEDIATE.MANIFEST
H:\IGRAPHICS\IGRAPHICS\IGRAPHICS\DEBUG\VC100.PDB
H:\IGRAPHICS\IGRAPHICS\IGRAPHICS\DEBUG\WATCH.OBJ
I:\IGRAPHICS\IGRAPHICS\DEBUG\IGRAPHICS.EXE
I:\IGRAPHICS\IGRAPHICS\DEBUG\IGRAPHICS.ILK
I:\IGRAPHICS\IGRAPHICS\DEBUG\IGRAPHICS.PDB
I:\IGRAPHICS\IGRAPHICS\IGRAPHICS\DEBUG\DIGITAL_WATCH.OBJ
I:\IGRAPHICS\IGRAPHICS\IGRAPHICS\DEBUG\IGRAPHICS.EXE.INTERMEDIATE.MANIFEST
I:\IGRAPHICS\IGRAPHICS\IGRAPHICS\DEBUG\VC100.PDB
